393 : 2024-02-06 06:59:26,385 : INFO : telemetry.main : Attempt start. Configuration directory [/home/sameeksha/.azure].
393 : 2024-02-06 06:59:26,385 : DEBUG : telemetry.note : acquiring lock
393 : 2024-02-06 06:59:26,385 : DEBUG : telemetry.note : acquired lock
393 : 2024-02-06 06:59:26,386 : INFO : telemetry.note : Update the note mtime to 2024-02-06 06:59:26.386054
393 : 2024-02-06 06:59:26,386 : WARNING : telemetry.note : Fail to parse or read the timestamp 'N/A' in the note file. Set the last send time to minimal. Reason: not readable
393 : 2024-02-06 06:59:26,386 : INFO : telemetry.records : 1 cache files to move.
393 : 2024-02-06 06:59:26,387 : INFO : telemetry.records : Create temp folder /tmp/tmp5_wzfe7o
393 : 2024-02-06 06:59:26,394 : INFO : telemetry.records : Move file /home/sameeksha/.azure/telemetry/cache to /tmp/tmp5_wzfe7o/cache
393 : 2024-02-06 06:59:26,399 : INFO : telemetry.records : Processed file /tmp/tmp5_wzfe7o/cache into 1 records.
393 : 2024-02-06 06:59:26,399 : INFO : telemetry.records : Remove directory /tmp/tmp5_wzfe7o
393 : 2024-02-06 06:59:26,400 : INFO : telemetry.client : Accumulated 1 events. Flush the clients.
393 : 2024-02-06 06:59:26,400 : INFO : telemetry.client : Flush client c4395b75-49cc-422c-bc95-c7d51aef5d46.
393 : 2024-02-06 06:59:27,126 : INFO : telemetry.sender : Sending 3818 bytes
393 : 2024-02-06 06:59:27,127 : INFO : telemetry.sender : Finish uploading in 0.726588 seconds.
393 : 2024-02-06 06:59:27,128 : INFO : telemetry.note : Update the last send in note to 2024-02-06 06:59:25
393 : 2024-02-06 06:59:27,128 : INFO : telemetry.note : Update the note mtime to 2024-02-06 06:59:27.128402
401 : 2024-02-06 06:59:27,431 : INFO : telemetry.main : Attempt start. Configuration directory [/home/sameeksha/.azure].
401 : 2024-02-06 06:59:27,431 : DEBUG : telemetry.note : acquiring lock
401 : 2024-02-06 06:59:27,431 : DEBUG : telemetry.note : acquired lock
401 : 2024-02-06 06:59:27,431 : INFO : telemetry.note : Update the note mtime to 2024-02-06 06:59:27.431857
401 : 2024-02-06 06:59:27,434 : INFO : telemetry.note : Read timestamp from the note. The last send was 2024-02-06 06:59:25.
401 : 2024-02-06 06:59:27,434 : INFO : telemetry.records : 1 cache files to move.
401 : 2024-02-06 06:59:27,434 : INFO : telemetry.records : Create temp folder /tmp/tmpdrsocua7
401 : 2024-02-06 06:59:27,435 : INFO : telemetry.records : Move file /home/sameeksha/.azure/telemetry/cache to /tmp/tmpdrsocua7/cache
401 : 2024-02-06 06:59:27,435 : INFO : telemetry.records : Processed file /tmp/tmpdrsocua7/cache into 1 records.
401 : 2024-02-06 06:59:27,435 : INFO : telemetry.records : Remove directory /tmp/tmpdrsocua7
401 : 2024-02-06 06:59:27,442 : INFO : telemetry.client : Accumulated 1 events. Flush the clients.
401 : 2024-02-06 06:59:27,442 : INFO : telemetry.client : Flush client c4395b75-49cc-422c-bc95-c7d51aef5d46.
401 : 2024-02-06 06:59:28,153 : INFO : telemetry.sender : Sending 3854 bytes
401 : 2024-02-06 06:59:28,153 : INFO : telemetry.sender : Finish uploading in 0.710619 seconds.
401 : 2024-02-06 06:59:28,154 : INFO : telemetry.note : Update the last send in note to 2024-02-06 06:59:26
401 : 2024-02-06 06:59:28,154 : INFO : telemetry.note : Update the note mtime to 2024-02-06 06:59:28.154347
409 : 2024-02-06 06:59:28,626 : INFO : telemetry.main : Attempt start. Configuration directory [/home/sameeksha/.azure].
409 : 2024-02-06 06:59:28,626 : DEBUG : telemetry.note : acquiring lock
409 : 2024-02-06 06:59:28,627 : DEBUG : telemetry.note : acquired lock
409 : 2024-02-06 06:59:28,627 : INFO : telemetry.note : Update the note mtime to 2024-02-06 06:59:28.627442
409 : 2024-02-06 06:59:28,631 : INFO : telemetry.note : Read timestamp from the note. The last send was 2024-02-06 06:59:26.
409 : 2024-02-06 06:59:28,632 : INFO : telemetry.records : 1 cache files to move.
409 : 2024-02-06 06:59:28,632 : INFO : telemetry.records : Create temp folder /tmp/tmp27_x1uxk
409 : 2024-02-06 06:59:28,632 : INFO : telemetry.records : Move file /home/sameeksha/.azure/telemetry/cache to /tmp/tmp27_x1uxk/cache
409 : 2024-02-06 06:59:28,633 : INFO : telemetry.records : Processed file /tmp/tmp27_x1uxk/cache into 1 records.
409 : 2024-02-06 06:59:28,633 : INFO : telemetry.records : Remove directory /tmp/tmp27_x1uxk
409 : 2024-02-06 06:59:28,634 : INFO : telemetry.client : Accumulated 1 events. Flush the clients.
409 : 2024-02-06 06:59:28,635 : INFO : telemetry.client : Flush client c4395b75-49cc-422c-bc95-c7d51aef5d46.
409 : 2024-02-06 06:59:29,330 : INFO : telemetry.sender : Sending 3817 bytes
409 : 2024-02-06 06:59:29,331 : INFO : telemetry.sender : Finish uploading in 0.695586 seconds.
409 : 2024-02-06 06:59:29,331 : INFO : telemetry.note : Update the last send in note to 2024-02-06 06:59:28
409 : 2024-02-06 06:59:29,331 : INFO : telemetry.note : Update the note mtime to 2024-02-06 06:59:29.331892
424 : 2024-02-06 06:59:31,647 : INFO : telemetry.main : Attempt start. Configuration directory [/home/sameeksha/.azure].
424 : 2024-02-06 06:59:31,647 : DEBUG : telemetry.note : acquiring lock
424 : 2024-02-06 06:59:31,647 : DEBUG : telemetry.note : acquired lock
424 : 2024-02-06 06:59:31,648 : INFO : telemetry.note : Update the note mtime to 2024-02-06 06:59:31.648023
424 : 2024-02-06 06:59:31,652 : INFO : telemetry.note : Read timestamp from the note. The last send was 2024-02-06 06:59:28.
424 : 2024-02-06 06:59:31,654 : INFO : telemetry.records : 1 cache files to move.
424 : 2024-02-06 06:59:31,655 : INFO : telemetry.records : Create temp folder /tmp/tmpf1tiu_1w
424 : 2024-02-06 06:59:31,656 : INFO : telemetry.records : Move file /home/sameeksha/.azure/telemetry/cache to /tmp/tmpf1tiu_1w/cache
424 : 2024-02-06 06:59:31,656 : INFO : telemetry.records : Processed file /tmp/tmpf1tiu_1w/cache into 1 records.
424 : 2024-02-06 06:59:31,656 : INFO : telemetry.records : Remove directory /tmp/tmpf1tiu_1w
424 : 2024-02-06 06:59:31,659 : INFO : telemetry.client : Accumulated 1 events. Flush the clients.
424 : 2024-02-06 06:59:31,660 : INFO : telemetry.client : Flush client c4395b75-49cc-422c-bc95-c7d51aef5d46.
424 : 2024-02-06 06:59:32,332 : INFO : telemetry.sender : Sending 3830 bytes
424 : 2024-02-06 06:59:32,333 : INFO : telemetry.sender : Finish uploading in 0.672188 seconds.
424 : 2024-02-06 06:59:32,333 : INFO : telemetry.note : Update the last send in note to 2024-02-06 06:59:31
424 : 2024-02-06 06:59:32,333 : INFO : telemetry.note : Update the note mtime to 2024-02-06 06:59:32.333757
450 : 2024-02-06 06:59:49,637 : INFO : telemetry.main : Attempt start. Configuration directory [/home/sameeksha/.azure].
450 : 2024-02-06 06:59:49,637 : DEBUG : telemetry.note : acquiring lock
450 : 2024-02-06 06:59:49,637 : DEBUG : telemetry.note : acquired lock
450 : 2024-02-06 06:59:49,637 : INFO : telemetry.note : Update the note mtime to 2024-02-06 06:59:49.637963
450 : 2024-02-06 06:59:49,643 : INFO : telemetry.note : Read timestamp from the note. The last send was 2024-02-06 06:59:31.
450 : 2024-02-06 06:59:49,644 : INFO : telemetry.records : 1 cache files to move.
450 : 2024-02-06 06:59:49,644 : INFO : telemetry.records : Create temp folder /tmp/tmp91c8b8vy
450 : 2024-02-06 06:59:49,645 : INFO : telemetry.records : Move file /home/sameeksha/.azure/telemetry/cache to /tmp/tmp91c8b8vy/cache
450 : 2024-02-06 06:59:49,645 : INFO : telemetry.records : Processed file /tmp/tmp91c8b8vy/cache into 1 records.
450 : 2024-02-06 06:59:49,645 : INFO : telemetry.records : Remove directory /tmp/tmp91c8b8vy
450 : 2024-02-06 06:59:49,646 : INFO : telemetry.client : Accumulated 1 events. Flush the clients.
450 : 2024-02-06 06:59:49,646 : INFO : telemetry.client : Flush client c4395b75-49cc-422c-bc95-c7d51aef5d46.
450 : 2024-02-06 06:59:50,287 : INFO : telemetry.sender : Sending 3787 bytes
450 : 2024-02-06 06:59:50,287 : INFO : telemetry.sender : Finish uploading in 0.640722 seconds.
450 : 2024-02-06 06:59:50,288 : INFO : telemetry.note : Update the last send in note to 2024-02-06 06:59:49
450 : 2024-02-06 06:59:50,288 : INFO : telemetry.note : Update the note mtime to 2024-02-06 06:59:50.288278
